Circuit: * C:\Users\David\Desktop\UTN\4°\TC2\UTN_BA_TC2\TS3\TS3_LTSpice_FDNR.asc

WARNING: Node N001 is floating.

Ignoring empty pin current: Ix(u1:1)
Ignoring empty pin current: Ix(u1:2)
Ignoring empty pin current: Ix(u1:3)
Ignoring empty pin current: Ix(u2:1)
Ignoring empty pin current: Ix(u2:2)
Ignoring empty pin current: Ix(u2:3)
Ignoring empty pin current: Ix(x1:gnd)

Date: Mon May 08 13:48:39 2023
Total elapsed time: 0.227 seconds.

tnom = 27
temp = 27
method = trap
totiter = 0
traniter = 0
tranpoints = 0
accept = 0
rejected = 0
matrix size = 10
fillins = 11
solver = Normal

